{"F:\\PLP ACADAMY\\FullStack\\Week6\\week-6-test-debug-assignment-Bawiloussim\\server\\controllers\\authController.js": {"path":"F:\\PLP ACADAMY\\FullStack\\Week6\\week-6-test-debug-assignment-Bawiloussim\\server\\controllers\\authController.js","statementMap":{"0":{"start":{"line":1,"column":13},"end":{"line":1,"column":38}},"1":{"start":{"line":2,"column":26},"end":{"line":2,"column":55}},"2":{"start":{"line":7,"column":17},"end":{"line":49,"column":1}},"3":{"start":{"line":8,"column":2},"end":{"line":48,"column":3}},"4":{"start":{"line":9,"column":69},"end":{"line":9,"column":77}},"5":{"start":{"line":12,"column":23},"end":{"line":12,"column":77}},"6":{"start":{"line":14,"column":4},"end":{"line":16,"column":5}},"7":{"start":{"line":15,"column":6},"end":{"line":15,"column":70}},"8":{"start":{"line":18,"column":4},"end":{"line":20,"column":5}},"9":{"start":{"line":19,"column":6},"end":{"line":19,"column":70}},"10":{"start":{"line":23,"column":17},"end":{"line":30,"column":6}},"11":{"start":{"line":32,"column":4},"end":{"line":44,"column":5}},"12":{"start":{"line":33,"column":6},"end":{"line":41,"column":9}},"13":{"start":{"line":43,"column":6},"end":{"line":43,"column":61}},"14":{"start":{"line":46,"column":4},"end":{"line":46,"column":25}},"15":{"start":{"line":47,"column":4},"end":{"line":47,"column":54}},"16":{"start":{"line":54,"column":14},"end":{"line":82,"column":1}},"17":{"start":{"line":55,"column":2},"end":{"line":81,"column":3}},"18":{"start":{"line":56,"column":32},"end":{"line":56,"column":40}},"19":{"start":{"line":59,"column":17},"end":{"line":59,"column":46}},"20":{"start":{"line":61,"column":4},"end":{"line":77,"column":5}},"21":{"start":{"line":62,"column":6},"end":{"line":64,"column":7}},"22":{"start":{"line":63,"column":8},"end":{"line":63,"column":75}},"23":{"start":{"line":66,"column":6},"end":{"line":74,"column":9}},"24":{"start":{"line":76,"column":6},"end":{"line":76,"column":63}},"25":{"start":{"line":79,"column":4},"end":{"line":79,"column":25}},"26":{"start":{"line":80,"column":4},"end":{"line":80,"column":54}},"27":{"start":{"line":87,"column":14},"end":{"line":98,"column":1}},"28":{"start":{"line":88,"column":2},"end":{"line":97,"column":3}},"29":{"start":{"line":89,"column":17},"end":{"line":91,"column":53}},"30":{"start":{"line":93,"column":4},"end":{"line":93,"column":19}},"31":{"start":{"line":95,"column":4},"end":{"line":95,"column":25}},"32":{"start":{"line":96,"column":4},"end":{"line":96,"column":54}},"33":{"start":{"line":100,"column":0},"end":{"line":100,"column":44}}},"fnMap":{"0":{"name":"(anonymous_0)","decl":{"start":{"line":7,"column":17},"end":{"line":7,"column":18}},"loc":{"start":{"line":7,"column":37},"end":{"line":49,"column":1}},"line":7},"1":{"name":"(anonymous_1)","decl":{"start":{"line":54,"column":14},"end":{"line":54,"column":15}},"loc":{"start":{"line":54,"column":34},"end":{"line":82,"column":1}},"line":54},"2":{"name":"(anonymous_2)","decl":{"start":{"line":87,"column":14},"end":{"line":87,"column":15}},"loc":{"start":{"line":87,"column":34},"end":{"line":98,"column":1}},"line":87}},"branchMap":{"0":{"loc":{"start":{"line":14,"column":4},"end":{"line":16,"column":5}},"type":"if","locations":[{"start":{"line":14,"column":4},"end":{"line":16,"column":5}},{"start":{},"end":{}}],"line":14},"1":{"loc":{"start":{"line":18,"column":4},"end":{"line":20,"column":5}},"type":"if","locations":[{"start":{"line":18,"column":4},"end":{"line":20,"column":5}},{"start":{},"end":{}}],"line":18},"2":{"loc":{"start":{"line":18,"column":7},"end":{"line":18,"column":47}},"type":"binary-expr","locations":[{"start":{"line":18,"column":7},"end":{"line":18,"column":13}},{"start":{"line":18,"column":17},"end":{"line":18,"column":47}}],"line":18},"3":{"loc":{"start":{"line":29,"column":12},"end":{"line":29,"column":26}},"type":"binary-expr","locations":[{"start":{"line":29,"column":12},"end":{"line":29,"column":16}},{"start":{"line":29,"column":20},"end":{"line":29,"column":26}}],"line":29},"4":{"loc":{"start":{"line":32,"column":4},"end":{"line":44,"column":5}},"type":"if","locations":[{"start":{"line":32,"column":4},"end":{"line":44,"column":5}},{"start":{"line":42,"column":11},"end":{"line":44,"column":5}}],"line":32},"5":{"loc":{"start":{"line":61,"column":4},"end":{"line":77,"column":5}},"type":"if","locations":[{"start":{"line":61,"column":4},"end":{"line":77,"column":5}},{"start":{"line":75,"column":11},"end":{"line":77,"column":5}}],"line":61},"6":{"loc":{"start":{"line":61,"column":8},"end":{"line":61,"column":54}},"type":"binary-expr","locations":[{"start":{"line":61,"column":8},"end":{"line":61,"column":12}},{"start":{"line":61,"column":17},"end":{"line":61,"column":53}}],"line":61},"7":{"loc":{"start":{"line":62,"column":6},"end":{"line":64,"column":7}},"type":"if","locations":[{"start":{"line":62,"column":6},"end":{"line":64,"column":7}},{"start":{},"end":{}}],"line":62}},"s":{"0":2,"1":2,"2":2,"3":3,"4":3,"5":3,"6":3,"7":0,"8":3,"9":1,"10":2,"11":2,"12":2,"13":0,"14":0,"15":0,"16":2,"17":1,"18":1,"19":1,"20":1,"21":1,"22":0,"23":1,"24":0,"25":0,"26":0,"27":2,"28":0,"29":0,"30":0,"31":0,"32":0,"33":2},"f":{"0":3,"1":1,"2":0},"b":{"0":[0,3],"1":[1,2],"2":[3,3],"3":[2,2],"4":[2,0],"5":[1,0],"6":[1,1],"7":[0,1]},"_coverageSchema":"1a1c01bbd47fc00a2c39e90264f33305004495a9","hash":"e9b14e663c23a83bcd976b02acedcf4d8d3ffeed"}
,"F:\\PLP ACADAMY\\FullStack\\Week6\\week-6-test-debug-assignment-Bawiloussim\\server\\controllers\\bookController.js": {"path":"F:\\PLP ACADAMY\\FullStack\\Week6\\week-6-test-debug-assignment-Bawiloussim\\server\\controllers\\bookController.js","statementMap":{"0":{"start":{"line":1,"column":13},"end":{"line":1,"column":38}},"1":{"start":{"line":2,"column":20},"end":{"line":2,"column":52}},"2":{"start":{"line":7,"column":17},"end":{"line":41,"column":1}},"3":{"start":{"line":8,"column":2},"end":{"line":40,"column":3}},"4":{"start":{"line":9,"column":45},"end":{"line":9,"column":54}},"5":{"start":{"line":11,"column":16},"end":{"line":11,"column":34}},"6":{"start":{"line":13,"column":4},"end":{"line":19,"column":5}},"7":{"start":{"line":14,"column":6},"end":{"line":18,"column":8}},"8":{"start":{"line":21,"column":17},"end":{"line":21,"column":35}},"9":{"start":{"line":23,"column":18},"end":{"line":27,"column":29}},"10":{"start":{"line":29,"column":18},"end":{"line":29,"column":50}},"11":{"start":{"line":31,"column":4},"end":{"line":36,"column":7}},"12":{"start":{"line":38,"column":4},"end":{"line":38,"column":25}},"13":{"start":{"line":39,"column":4},"end":{"line":39,"column":54}},"14":{"start":{"line":46,"column":16},"end":{"line":60,"column":1}},"15":{"start":{"line":47,"column":2},"end":{"line":59,"column":3}},"16":{"start":{"line":48,"column":17},"end":{"line":49,"column":48}},"17":{"start":{"line":51,"column":4},"end":{"line":53,"column":5}},"18":{"start":{"line":52,"column":6},"end":{"line":52,"column":65}},"19":{"start":{"line":55,"column":4},"end":{"line":55,"column":19}},"20":{"start":{"line":57,"column":4},"end":{"line":57,"column":25}},"21":{"start":{"line":58,"column":4},"end":{"line":58,"column":54}},"22":{"start":{"line":65,"column":19},"end":{"line":85,"column":1}},"23":{"start":{"line":66,"column":2},"end":{"line":84,"column":3}},"24":{"start":{"line":67,"column":21},"end":{"line":70,"column":5}},"25":{"start":{"line":73,"column":4},"end":{"line":75,"column":5}},"26":{"start":{"line":74,"column":6},"end":{"line":74,"column":85}},"27":{"start":{"line":77,"column":17},"end":{"line":77,"column":44}},"28":{"start":{"line":78,"column":4},"end":{"line":78,"column":57}},"29":{"start":{"line":80,"column":4},"end":{"line":80,"column":31}},"30":{"start":{"line":82,"column":4},"end":{"line":82,"column":25}},"31":{"start":{"line":83,"column":4},"end":{"line":83,"column":54}},"32":{"start":{"line":90,"column":19},"end":{"line":109,"column":1}},"33":{"start":{"line":91,"column":2},"end":{"line":108,"column":3}},"34":{"start":{"line":92,"column":17},"end":{"line":92,"column":51}},"35":{"start":{"line":94,"column":4},"end":{"line":96,"column":5}},"36":{"start":{"line":95,"column":6},"end":{"line":95,"column":65}},"37":{"start":{"line":98,"column":24},"end":{"line":102,"column":47}},"38":{"start":{"line":104,"column":4},"end":{"line":104,"column":26}},"39":{"start":{"line":106,"column":4},"end":{"line":106,"column":25}},"40":{"start":{"line":107,"column":4},"end":{"line":107,"column":54}},"41":{"start":{"line":114,"column":19},"end":{"line":142,"column":1}},"42":{"start":{"line":115,"column":2},"end":{"line":141,"column":3}},"43":{"start":{"line":116,"column":17},"end":{"line":116,"column":51}},"44":{"start":{"line":118,"column":4},"end":{"line":120,"column":5}},"45":{"start":{"line":119,"column":6},"end":{"line":119,"column":65}},"46":{"start":{"line":123,"column":31},"end":{"line":127,"column":6}},"47":{"start":{"line":129,"column":4},"end":{"line":131,"column":5}},"48":{"start":{"line":130,"column":6},"end":{"line":130,"column":94}},"49":{"start":{"line":134,"column":4},"end":{"line":134,"column":26}},"50":{"start":{"line":135,"column":4},"end":{"line":135,"column":22}},"51":{"start":{"line":137,"column":4},"end":{"line":137,"column":55}},"52":{"start":{"line":139,"column":4},"end":{"line":139,"column":25}},"53":{"start":{"line":140,"column":4},"end":{"line":140,"column":54}},"54":{"start":{"line":147,"column":20},"end":{"line":170,"column":1}},"55":{"start":{"line":148,"column":2},"end":{"line":169,"column":3}},"56":{"start":{"line":149,"column":18},"end":{"line":149,"column":27}},"57":{"start":{"line":151,"column":4},"end":{"line":153,"column":5}},"58":{"start":{"line":152,"column":6},"end":{"line":152,"column":72}},"59":{"start":{"line":155,"column":18},"end":{"line":163,"column":48}},"60":{"start":{"line":165,"column":4},"end":{"line":165,"column":20}},"61":{"start":{"line":167,"column":4},"end":{"line":167,"column":25}},"62":{"start":{"line":168,"column":4},"end":{"line":168,"column":54}},"63":{"start":{"line":172,"column":0},"end":{"line":179,"column":2}}},"fnMap":{"0":{"name":"(anonymous_0)","decl":{"start":{"line":7,"column":17},"end":{"line":7,"column":18}},"loc":{"start":{"line":7,"column":37},"end":{"line":41,"column":1}},"line":7},"1":{"name":"(anonymous_1)","decl":{"start":{"line":46,"column":16},"end":{"line":46,"column":17}},"loc":{"start":{"line":46,"column":36},"end":{"line":60,"column":1}},"line":46},"2":{"name":"(anonymous_2)","decl":{"start":{"line":65,"column":19},"end":{"line":65,"column":20}},"loc":{"start":{"line":65,"column":39},"end":{"line":85,"column":1}},"line":65},"3":{"name":"(anonymous_3)","decl":{"start":{"line":90,"column":19},"end":{"line":90,"column":20}},"loc":{"start":{"line":90,"column":39},"end":{"line":109,"column":1}},"line":90},"4":{"name":"(anonymous_4)","decl":{"start":{"line":114,"column":19},"end":{"line":114,"column":20}},"loc":{"start":{"line":114,"column":39},"end":{"line":142,"column":1}},"line":114},"5":{"name":"(anonymous_5)","decl":{"start":{"line":147,"column":20},"end":{"line":147,"column":21}},"loc":{"start":{"line":147,"column":40},"end":{"line":170,"column":1}},"line":147}},"branchMap":{"0":{"loc":{"start":{"line":9,"column":12},"end":{"line":9,"column":20}},"type":"default-arg","locations":[{"start":{"line":9,"column":19},"end":{"line":9,"column":20}}],"line":9},"1":{"loc":{"start":{"line":9,"column":22},"end":{"line":9,"column":32}},"type":"default-arg","locations":[{"start":{"line":9,"column":30},"end":{"line":9,"column":32}}],"line":9},"2":{"loc":{"start":{"line":13,"column":4},"end":{"line":19,"column":5}},"type":"if","locations":[{"start":{"line":13,"column":4},"end":{"line":19,"column":5}},{"start":{},"end":{}}],"line":13},"3":{"loc":{"start":{"line":51,"column":4},"end":{"line":53,"column":5}},"type":"if","locations":[{"start":{"line":51,"column":4},"end":{"line":53,"column":5}},{"start":{},"end":{}}],"line":51},"4":{"loc":{"start":{"line":51,"column":8},"end":{"line":51,"column":31}},"type":"binary-expr","locations":[{"start":{"line":51,"column":8},"end":{"line":51,"column":13}},{"start":{"line":51,"column":17},"end":{"line":51,"column":31}}],"line":51},"5":{"loc":{"start":{"line":73,"column":4},"end":{"line":75,"column":5}},"type":"if","locations":[{"start":{"line":73,"column":4},"end":{"line":75,"column":5}},{"start":{},"end":{}}],"line":73},"6":{"loc":{"start":{"line":73,"column":8},"end":{"line":73,"column":71}},"type":"binary-expr","locations":[{"start":{"line":73,"column":8},"end":{"line":73,"column":29}},{"start":{"line":73,"column":33},"end":{"line":73,"column":71}}],"line":73},"7":{"loc":{"start":{"line":74,"column":46},"end":{"line":74,"column":84}},"type":"binary-expr","locations":[{"start":{"line":74,"column":46},"end":{"line":74,"column":79}},{"start":{"line":74,"column":83},"end":{"line":74,"column":84}}],"line":74},"8":{"loc":{"start":{"line":94,"column":4},"end":{"line":96,"column":5}},"type":"if","locations":[{"start":{"line":94,"column":4},"end":{"line":96,"column":5}},{"start":{},"end":{}}],"line":94},"9":{"loc":{"start":{"line":94,"column":8},"end":{"line":94,"column":31}},"type":"binary-expr","locations":[{"start":{"line":94,"column":8},"end":{"line":94,"column":13}},{"start":{"line":94,"column":17},"end":{"line":94,"column":31}}],"line":94},"10":{"loc":{"start":{"line":118,"column":4},"end":{"line":120,"column":5}},"type":"if","locations":[{"start":{"line":118,"column":4},"end":{"line":120,"column":5}},{"start":{},"end":{}}],"line":118},"11":{"loc":{"start":{"line":129,"column":4},"end":{"line":131,"column":5}},"type":"if","locations":[{"start":{"line":129,"column":4},"end":{"line":131,"column":5}},{"start":{},"end":{}}],"line":129},"12":{"loc":{"start":{"line":151,"column":4},"end":{"line":153,"column":5}},"type":"if","locations":[{"start":{"line":151,"column":4},"end":{"line":153,"column":5}},{"start":{},"end":{}}],"line":151}},"s":{"0":2,"1":2,"2":2,"3":1,"4":1,"5":1,"6":1,"7":0,"8":1,"9":1,"10":1,"11":1,"12":0,"13":0,"14":2,"15":0,"16":0,"17":0,"18":0,"19":0,"20":0,"21":0,"22":2,"23":1,"24":1,"25":1,"26":0,"27":1,"28":1,"29":1,"30":0,"31":0,"32":2,"33":0,"34":0,"35":0,"36":0,"37":0,"38":0,"39":0,"40":0,"41":2,"42":0,"43":0,"44":0,"45":0,"46":0,"47":0,"48":0,"49":0,"50":0,"51":0,"52":0,"53":0,"54":2,"55":0,"56":0,"57":0,"58":0,"59":0,"60":0,"61":0,"62":0,"63":2},"f":{"0":1,"1":0,"2":1,"3":0,"4":0,"5":0},"b":{"0":[1],"1":[1],"2":[0,1],"3":[0,0],"4":[0,0],"5":[0,1],"6":[1,1],"7":[0,0],"8":[0,0],"9":[0,0],"10":[0,0],"11":[0,0],"12":[0,0]},"_coverageSchema":"1a1c01bbd47fc00a2c39e90264f33305004495a9","hash":"c3697da83a57a90e48e61081cba19bcb829626cb"}
,"F:\\PLP ACADAMY\\FullStack\\Week6\\week-6-test-debug-assignment-Bawiloussim\\server\\controllers\\transactionController.js": {"path":"F:\\PLP ACADAMY\\FullStack\\Week6\\week-6-test-debug-assignment-Bawiloussim\\server\\controllers\\transactionController.js","statementMap":{"0":{"start":{"line":1,"column":20},"end":{"line":1,"column":52}},"1":{"start":{"line":2,"column":13},"end":{"line":2,"column":38}},"2":{"start":{"line":3,"column":13},"end":{"line":3,"column":38}},"3":{"start":{"line":8,"column":24},"end":{"line":44,"column":1}},"4":{"start":{"line":9,"column":2},"end":{"line":43,"column":3}},"5":{"start":{"line":10,"column":51},"end":{"line":10,"column":60}},"6":{"start":{"line":12,"column":16},"end":{"line":12,"column":18}},"7":{"start":{"line":15,"column":4},"end":{"line":17,"column":5}},"8":{"start":{"line":16,"column":6},"end":{"line":16,"column":32}},"9":{"start":{"line":19,"column":4},"end":{"line":19,"column":38}},"10":{"start":{"line":19,"column":16},"end":{"line":19,"column":38}},"11":{"start":{"line":20,"column":4},"end":{"line":20,"column":32}},"12":{"start":{"line":20,"column":14},"end":{"line":20,"column":32}},"13":{"start":{"line":22,"column":17},"end":{"line":22,"column":35}},"14":{"start":{"line":24,"column":25},"end":{"line":30,"column":29}},"15":{"start":{"line":32,"column":18},"end":{"line":32,"column":57}},"16":{"start":{"line":34,"column":4},"end":{"line":39,"column":7}},"17":{"start":{"line":41,"column":4},"end":{"line":41,"column":25}},"18":{"start":{"line":42,"column":4},"end":{"line":42,"column":54}},"19":{"start":{"line":49,"column":23},"end":{"line":70,"column":1}},"20":{"start":{"line":50,"column":2},"end":{"line":69,"column":3}},"21":{"start":{"line":51,"column":24},"end":{"line":54,"column":51}},"22":{"start":{"line":56,"column":4},"end":{"line":58,"column":5}},"23":{"start":{"line":57,"column":6},"end":{"line":57,"column":72}},"24":{"start":{"line":61,"column":4},"end":{"line":63,"column":5}},"25":{"start":{"line":62,"column":6},"end":{"line":62,"column":90}},"26":{"start":{"line":65,"column":4},"end":{"line":65,"column":26}},"27":{"start":{"line":67,"column":4},"end":{"line":67,"column":25}},"28":{"start":{"line":68,"column":4},"end":{"line":68,"column":54}},"29":{"start":{"line":75,"column":20},"end":{"line":114,"column":1}},"30":{"start":{"line":76,"column":2},"end":{"line":113,"column":3}},"31":{"start":{"line":77,"column":30},"end":{"line":77,"column":38}},"32":{"start":{"line":80,"column":17},"end":{"line":80,"column":44}},"33":{"start":{"line":81,"column":4},"end":{"line":83,"column":5}},"34":{"start":{"line":82,"column":6},"end":{"line":82,"column":69}},"35":{"start":{"line":86,"column":32},"end":{"line":91,"column":6}},"36":{"start":{"line":93,"column":4},"end":{"line":95,"column":5}},"37":{"start":{"line":94,"column":6},"end":{"line":94,"column":84}},"38":{"start":{"line":97,"column":24},"end":{"line":102,"column":6}},"39":{"start":{"line":104,"column":4},"end":{"line":107,"column":7}},"40":{"start":{"line":109,"column":4},"end":{"line":109,"column":38}},"41":{"start":{"line":111,"column":4},"end":{"line":111,"column":25}},"42":{"start":{"line":112,"column":4},"end":{"line":112,"column":54}},"43":{"start":{"line":119,"column":32},"end":{"line":169,"column":1}},"44":{"start":{"line":120,"column":2},"end":{"line":168,"column":3}},"45":{"start":{"line":121,"column":30},"end":{"line":121,"column":38}},"46":{"start":{"line":123,"column":24},"end":{"line":123,"column":65}},"47":{"start":{"line":125,"column":4},"end":{"line":127,"column":5}},"48":{"start":{"line":126,"column":6},"end":{"line":126,"column":72}},"49":{"start":{"line":129,"column":4},"end":{"line":131,"column":5}},"50":{"start":{"line":130,"column":6},"end":{"line":130,"column":87}},"51":{"start":{"line":133,"column":4},"end":{"line":133,"column":32}},"52":{"start":{"line":134,"column":4},"end":{"line":134,"column":42}},"53":{"start":{"line":135,"column":4},"end":{"line":135,"column":51}},"54":{"start":{"line":137,"column":4},"end":{"line":154,"column":5}},"55":{"start":{"line":139,"column":6},"end":{"line":139,"column":40}},"56":{"start":{"line":140,"column":6},"end":{"line":140,"column":76}},"57":{"start":{"line":143,"column":19},"end":{"line":143,"column":56}},"58":{"start":{"line":144,"column":6},"end":{"line":144,"column":29}},"59":{"start":{"line":147,"column":19},"end":{"line":147,"column":56}},"60":{"start":{"line":148,"column":6},"end":{"line":152,"column":9}},"61":{"start":{"line":153,"column":6},"end":{"line":153,"column":24}},"62":{"start":{"line":156,"column":4},"end":{"line":156,"column":29}},"63":{"start":{"line":158,"column":4},"end":{"line":162,"column":7}},"64":{"start":{"line":164,"column":4},"end":{"line":164,"column":26}},"65":{"start":{"line":166,"column":4},"end":{"line":166,"column":25}},"66":{"start":{"line":167,"column":4},"end":{"line":167,"column":54}},"67":{"start":{"line":174,"column":19},"end":{"line":210,"column":1}},"68":{"start":{"line":175,"column":2},"end":{"line":209,"column":3}},"69":{"start":{"line":176,"column":30},"end":{"line":176,"column":38}},"70":{"start":{"line":179,"column":29},"end":{"line":185,"column":6}},"71":{"start":{"line":187,"column":4},"end":{"line":189,"column":5}},"72":{"start":{"line":188,"column":6},"end":{"line":188,"column":86}},"73":{"start":{"line":192,"column":30},"end":{"line":198,"column":6}},"74":{"start":{"line":200,"column":4},"end":{"line":203,"column":7}},"75":{"start":{"line":205,"column":4},"end":{"line":205,"column":44}},"76":{"start":{"line":207,"column":4},"end":{"line":207,"column":25}},"77":{"start":{"line":208,"column":4},"end":{"line":208,"column":54}},"78":{"start":{"line":215,"column":23},"end":{"line":265,"column":1}},"79":{"start":{"line":216,"column":2},"end":{"line":264,"column":3}},"80":{"start":{"line":217,"column":24},"end":{"line":217,"column":65}},"81":{"start":{"line":219,"column":4},"end":{"line":221,"column":5}},"82":{"start":{"line":220,"column":6},"end":{"line":220,"column":72}},"83":{"start":{"line":223,"column":4},"end":{"line":225,"column":5}},"84":{"start":{"line":224,"column":6},"end":{"line":224,"column":85}},"85":{"start":{"line":227,"column":4},"end":{"line":227,"column":37}},"86":{"start":{"line":228,"column":4},"end":{"line":228,"column":40}},"87":{"start":{"line":231,"column":29},"end":{"line":236,"column":6}},"88":{"start":{"line":238,"column":4},"end":{"line":240,"column":5}},"89":{"start":{"line":239,"column":6},"end":{"line":239,"column":44}},"90":{"start":{"line":243,"column":17},"end":{"line":243,"column":54}},"91":{"start":{"line":244,"column":4},"end":{"line":244,"column":28}},"92":{"start":{"line":247,"column":17},"end":{"line":247,"column":54}},"93":{"start":{"line":248,"column":28},"end":{"line":250,"column":5}},"94":{"start":{"line":249,"column":14},"end":{"line":249,"column":86}},"95":{"start":{"line":252,"column":4},"end":{"line":256,"column":5}},"96":{"start":{"line":253,"column":6},"end":{"line":253,"column":56}},"97":{"start":{"line":254,"column":6},"end":{"line":254,"column":64}},"98":{"start":{"line":255,"column":6},"end":{"line":255,"column":24}},"99":{"start":{"line":258,"column":4},"end":{"line":258,"column":29}},"100":{"start":{"line":260,"column":4},"end":{"line":260,"column":72}},"101":{"start":{"line":262,"column":4},"end":{"line":262,"column":25}},"102":{"start":{"line":263,"column":4},"end":{"line":263,"column":54}},"103":{"start":{"line":270,"column":26},"end":{"line":291,"column":1}},"104":{"start":{"line":271,"column":2},"end":{"line":290,"column":3}},"105":{"start":{"line":272,"column":24},"end":{"line":272,"column":65}},"106":{"start":{"line":274,"column":4},"end":{"line":276,"column":5}},"107":{"start":{"line":275,"column":6},"end":{"line":275,"column":72}},"108":{"start":{"line":279,"column":4},"end":{"line":283,"column":5}},"109":{"start":{"line":280,"column":6},"end":{"line":282,"column":9}},"110":{"start":{"line":285,"column":4},"end":{"line":285,"column":55}},"111":{"start":{"line":286,"column":4},"end":{"line":286,"column":62}},"112":{"start":{"line":288,"column":4},"end":{"line":288,"column":25}},"113":{"start":{"line":289,"column":4},"end":{"line":289,"column":54}},"114":{"start":{"line":293,"column":0},"end":{"line":301,"column":2}}},"fnMap":{"0":{"name":"(anonymous_0)","decl":{"start":{"line":8,"column":24},"end":{"line":8,"column":25}},"loc":{"start":{"line":8,"column":44},"end":{"line":44,"column":1}},"line":8},"1":{"name":"(anonymous_1)","decl":{"start":{"line":49,"column":23},"end":{"line":49,"column":24}},"loc":{"start":{"line":49,"column":43},"end":{"line":70,"column":1}},"line":49},"2":{"name":"(anonymous_2)","decl":{"start":{"line":75,"column":20},"end":{"line":75,"column":21}},"loc":{"start":{"line":75,"column":40},"end":{"line":114,"column":1}},"line":75},"3":{"name":"(anonymous_3)","decl":{"start":{"line":119,"column":32},"end":{"line":119,"column":33}},"loc":{"start":{"line":119,"column":52},"end":{"line":169,"column":1}},"line":119},"4":{"name":"(anonymous_4)","decl":{"start":{"line":174,"column":19},"end":{"line":174,"column":20}},"loc":{"start":{"line":174,"column":39},"end":{"line":210,"column":1}},"line":174},"5":{"name":"(anonymous_5)","decl":{"start":{"line":215,"column":23},"end":{"line":215,"column":24}},"loc":{"start":{"line":215,"column":43},"end":{"line":265,"column":1}},"line":215},"6":{"name":"(anonymous_6)","decl":{"start":{"line":249,"column":6},"end":{"line":249,"column":7}},"loc":{"start":{"line":249,"column":14},"end":{"line":249,"column":86}},"line":249},"7":{"name":"(anonymous_7)","decl":{"start":{"line":270,"column":26},"end":{"line":270,"column":27}},"loc":{"start":{"line":270,"column":46},"end":{"line":291,"column":1}},"line":270}},"branchMap":{"0":{"loc":{"start":{"line":10,"column":12},"end":{"line":10,"column":20}},"type":"default-arg","locations":[{"start":{"line":10,"column":19},"end":{"line":10,"column":20}}],"line":10},"1":{"loc":{"start":{"line":10,"column":22},"end":{"line":10,"column":32}},"type":"default-arg","locations":[{"start":{"line":10,"column":30},"end":{"line":10,"column":32}}],"line":10},"2":{"loc":{"start":{"line":15,"column":4},"end":{"line":17,"column":5}},"type":"if","locations":[{"start":{"line":15,"column":4},"end":{"line":17,"column":5}},{"start":{},"end":{}}],"line":15},"3":{"loc":{"start":{"line":19,"column":4},"end":{"line":19,"column":38}},"type":"if","locations":[{"start":{"line":19,"column":4},"end":{"line":19,"column":38}},{"start":{},"end":{}}],"line":19},"4":{"loc":{"start":{"line":20,"column":4},"end":{"line":20,"column":32}},"type":"if","locations":[{"start":{"line":20,"column":4},"end":{"line":20,"column":32}},{"start":{},"end":{}}],"line":20},"5":{"loc":{"start":{"line":56,"column":4},"end":{"line":58,"column":5}},"type":"if","locations":[{"start":{"line":56,"column":4},"end":{"line":58,"column":5}},{"start":{},"end":{}}],"line":56},"6":{"loc":{"start":{"line":61,"column":4},"end":{"line":63,"column":5}},"type":"if","locations":[{"start":{"line":61,"column":4},"end":{"line":63,"column":5}},{"start":{},"end":{}}],"line":61},"7":{"loc":{"start":{"line":61,"column":8},"end":{"line":61,"column":96}},"type":"binary-expr","locations":[{"start":{"line":61,"column":8},"end":{"line":61,"column":33}},{"start":{"line":61,"column":37},"end":{"line":61,"column":96}}],"line":61},"8":{"loc":{"start":{"line":81,"column":4},"end":{"line":83,"column":5}},"type":"if","locations":[{"start":{"line":81,"column":4},"end":{"line":83,"column":5}},{"start":{},"end":{}}],"line":81},"9":{"loc":{"start":{"line":81,"column":8},"end":{"line":81,"column":54}},"type":"binary-expr","locations":[{"start":{"line":81,"column":8},"end":{"line":81,"column":13}},{"start":{"line":81,"column":17},"end":{"line":81,"column":31}},{"start":{"line":81,"column":35},"end":{"line":81,"column":54}}],"line":81},"10":{"loc":{"start":{"line":93,"column":4},"end":{"line":95,"column":5}},"type":"if","locations":[{"start":{"line":93,"column":4},"end":{"line":95,"column":5}},{"start":{},"end":{}}],"line":93},"11":{"loc":{"start":{"line":125,"column":4},"end":{"line":127,"column":5}},"type":"if","locations":[{"start":{"line":125,"column":4},"end":{"line":127,"column":5}},{"start":{},"end":{}}],"line":125},"12":{"loc":{"start":{"line":129,"column":4},"end":{"line":131,"column":5}},"type":"if","locations":[{"start":{"line":129,"column":4},"end":{"line":131,"column":5}},{"start":{},"end":{}}],"line":129},"13":{"loc":{"start":{"line":135,"column":24},"end":{"line":135,"column":50}},"type":"binary-expr","locations":[{"start":{"line":135,"column":24},"end":{"line":135,"column":29}},{"start":{"line":135,"column":33},"end":{"line":135,"column":50}}],"line":135},"14":{"loc":{"start":{"line":137,"column":4},"end":{"line":154,"column":5}},"type":"if","locations":[{"start":{"line":137,"column":4},"end":{"line":154,"column":5}},{"start":{},"end":{}}],"line":137},"15":{"loc":{"start":{"line":137,"column":8},"end":{"line":137,"column":61}},"type":"binary-expr","locations":[{"start":{"line":137,"column":8},"end":{"line":137,"column":29}},{"start":{"line":137,"column":33},"end":{"line":137,"column":61}}],"line":137},"16":{"loc":{"start":{"line":187,"column":4},"end":{"line":189,"column":5}},"type":"if","locations":[{"start":{"line":187,"column":4},"end":{"line":189,"column":5}},{"start":{},"end":{}}],"line":187},"17":{"loc":{"start":{"line":219,"column":4},"end":{"line":221,"column":5}},"type":"if","locations":[{"start":{"line":219,"column":4},"end":{"line":221,"column":5}},{"start":{},"end":{}}],"line":219},"18":{"loc":{"start":{"line":223,"column":4},"end":{"line":225,"column":5}},"type":"if","locations":[{"start":{"line":223,"column":4},"end":{"line":225,"column":5}},{"start":{},"end":{}}],"line":223},"19":{"loc":{"start":{"line":223,"column":8},"end":{"line":223,"column":74}},"type":"binary-expr","locations":[{"start":{"line":223,"column":8},"end":{"line":223,"column":37}},{"start":{"line":223,"column":41},"end":{"line":223,"column":74}}],"line":223},"20":{"loc":{"start":{"line":238,"column":4},"end":{"line":240,"column":5}},"type":"if","locations":[{"start":{"line":238,"column":4},"end":{"line":240,"column":5}},{"start":{},"end":{}}],"line":238},"21":{"loc":{"start":{"line":238,"column":8},"end":{"line":238,"column":65}},"type":"binary-expr","locations":[{"start":{"line":238,"column":8},"end":{"line":238,"column":24}},{"start":{"line":238,"column":28},"end":{"line":238,"column":65}}],"line":238},"22":{"loc":{"start":{"line":249,"column":14},"end":{"line":249,"column":86}},"type":"binary-expr","locations":[{"start":{"line":249,"column":14},"end":{"line":249,"column":68}},{"start":{"line":249,"column":72},"end":{"line":249,"column":86}}],"line":249},"23":{"loc":{"start":{"line":252,"column":4},"end":{"line":256,"column":5}},"type":"if","locations":[{"start":{"line":252,"column":4},"end":{"line":256,"column":5}},{"start":{},"end":{}}],"line":252},"24":{"loc":{"start":{"line":274,"column":4},"end":{"line":276,"column":5}},"type":"if","locations":[{"start":{"line":274,"column":4},"end":{"line":276,"column":5}},{"start":{},"end":{}}],"line":274},"25":{"loc":{"start":{"line":279,"column":4},"end":{"line":283,"column":5}},"type":"if","locations":[{"start":{"line":279,"column":4},"end":{"line":283,"column":5}},{"start":{},"end":{}}],"line":279},"26":{"loc":{"start":{"line":279,"column":8},"end":{"line":279,"column":100}},"type":"binary-expr","locations":[{"start":{"line":279,"column":8},"end":{"line":279,"column":36}},{"start":{"line":279,"column":40},"end":{"line":279,"column":73}},{"start":{"line":279,"column":77},"end":{"line":279,"column":100}}],"line":279}},"s":{"0":2,"1":2,"2":2,"3":2,"4":0,"5":0,"6":0,"7":0,"8":0,"9":0,"10":0,"11":0,"12":0,"13":0,"14":0,"15":0,"16":0,"17":0,"18":0,"19":2,"20":0,"21":0,"22":0,"23":0,"24":0,"25":0,"26":0,"27":0,"28":0,"29":2,"30":0,"31":0,"32":0,"33":0,"34":0,"35":0,"36":0,"37":0,"38":0,"39":0,"40":0,"41":0,"42":0,"43":2,"44":0,"45":0,"46":0,"47":0,"48":0,"49":0,"50":0,"51":0,"52":0,"53":0,"54":0,"55":0,"56":0,"57":0,"58":0,"59":0,"60":0,"61":0,"62":0,"63":0,"64":0,"65":0,"66":0,"67":2,"68":0,"69":0,"70":0,"71":0,"72":0,"73":0,"74":0,"75":0,"76":0,"77":0,"78":2,"79":0,"80":0,"81":0,"82":0,"83":0,"84":0,"85":0,"86":0,"87":0,"88":0,"89":0,"90":0,"91":0,"92":0,"93":0,"94":0,"95":0,"96":0,"97":0,"98":0,"99":0,"100":0,"101":0,"102":0,"103":2,"104":0,"105":0,"106":0,"107":0,"108":0,"109":0,"110":0,"111":0,"112":0,"113":0,"114":2},"f":{"0":0,"1":0,"2":0,"3":0,"4":0,"5":0,"6":0,"7":0},"b":{"0":[0],"1":[0],"2":[0,0],"3":[0,0],"4":[0,0],"5":[0,0],"6":[0,0],"7":[0,0],"8":[0,0],"9":[0,0,0],"10":[0,0],"11":[0,0],"12":[0,0],"13":[0,0],"14":[0,0],"15":[0,0],"16":[0,0],"17":[0,0],"18":[0,0],"19":[0,0],"20":[0,0],"21":[0,0],"22":[0,0],"23":[0,0],"24":[0,0],"25":[0,0],"26":[0,0,0]},"_coverageSchema":"1a1c01bbd47fc00a2c39e90264f33305004495a9","hash":"f4989b79ba3d3d3c547ea24f0b73583a8a40e8c6"}
,"F:\\PLP ACADAMY\\FullStack\\Week6\\week-6-test-debug-assignment-Bawiloussim\\server\\controllers\\userController.js": {"path":"F:\\PLP ACADAMY\\FullStack\\Week6\\week-6-test-debug-assignment-Bawiloussim\\server\\controllers\\userController.js","statementMap":{"0":{"start":{"line":1,"column":13},"end":{"line":1,"column":38}},"1":{"start":{"line":2,"column":20},"end":{"line":2,"column":52}},"2":{"start":{"line":3,"column":13},"end":{"line":3,"column":38}},"3":{"start":{"line":8,"column":19},"end":{"line":19,"column":1}},"4":{"start":{"line":9,"column":2},"end":{"line":18,"column":3}},"5":{"start":{"line":10,"column":17},"end":{"line":12,"column":53}},"6":{"start":{"line":14,"column":4},"end":{"line":14,"column":19}},"7":{"start":{"line":16,"column":4},"end":{"line":16,"column":25}},"8":{"start":{"line":17,"column":4},"end":{"line":17,"column":54}},"9":{"start":{"line":24,"column":22},"end":{"line":39,"column":1}},"10":{"start":{"line":25,"column":2},"end":{"line":38,"column":3}},"11":{"start":{"line":26,"column":58},"end":{"line":26,"column":66}},"12":{"start":{"line":28,"column":17},"end":{"line":32,"column":25}},"13":{"start":{"line":34,"column":4},"end":{"line":34,"column":19}},"14":{"start":{"line":36,"column":4},"end":{"line":36,"column":25}},"15":{"start":{"line":37,"column":4},"end":{"line":37,"column":54}},"16":{"start":{"line":44,"column":26},"end":{"line":55,"column":1}},"17":{"start":{"line":45,"column":2},"end":{"line":54,"column":3}},"18":{"start":{"line":46,"column":25},"end":{"line":48,"column":30}},"19":{"start":{"line":50,"column":4},"end":{"line":50,"column":27}},"20":{"start":{"line":52,"column":4},"end":{"line":52,"column":25}},"21":{"start":{"line":53,"column":4},"end":{"line":53,"column":54}},"22":{"start":{"line":60,"column":17},"end":{"line":94,"column":1}},"23":{"start":{"line":61,"column":2},"end":{"line":93,"column":3}},"24":{"start":{"line":62,"column":45},"end":{"line":62,"column":54}},"25":{"start":{"line":64,"column":16},"end":{"line":64,"column":18}},"26":{"start":{"line":66,"column":4},"end":{"line":72,"column":5}},"27":{"start":{"line":67,"column":6},"end":{"line":71,"column":8}},"28":{"start":{"line":74,"column":17},"end":{"line":74,"column":35}},"29":{"start":{"line":76,"column":18},"end":{"line":80,"column":29}},"30":{"start":{"line":82,"column":18},"end":{"line":82,"column":50}},"31":{"start":{"line":84,"column":4},"end":{"line":89,"column":7}},"32":{"start":{"line":91,"column":4},"end":{"line":91,"column":25}},"33":{"start":{"line":92,"column":4},"end":{"line":92,"column":54}},"34":{"start":{"line":99,"column":16},"end":{"line":119,"column":1}},"35":{"start":{"line":100,"column":2},"end":{"line":118,"column":3}},"36":{"start":{"line":101,"column":17},"end":{"line":103,"column":53}},"37":{"start":{"line":105,"column":4},"end":{"line":107,"column":5}},"38":{"start":{"line":106,"column":6},"end":{"line":106,"column":65}},"39":{"start":{"line":109,"column":25},"end":{"line":112,"column":16}},"40":{"start":{"line":114,"column":4},"end":{"line":114,"column":37}},"41":{"start":{"line":116,"column":4},"end":{"line":116,"column":25}},"42":{"start":{"line":117,"column":4},"end":{"line":117,"column":54}},"43":{"start":{"line":124,"column":19},"end":{"line":143,"column":1}},"44":{"start":{"line":125,"column":2},"end":{"line":142,"column":3}},"45":{"start":{"line":126,"column":74},"end":{"line":126,"column":82}},"46":{"start":{"line":128,"column":17},"end":{"line":132,"column":25}},"47":{"start":{"line":134,"column":4},"end":{"line":136,"column":5}},"48":{"start":{"line":135,"column":6},"end":{"line":135,"column":65}},"49":{"start":{"line":138,"column":4},"end":{"line":138,"column":19}},"50":{"start":{"line":140,"column":4},"end":{"line":140,"column":25}},"51":{"start":{"line":141,"column":4},"end":{"line":141,"column":54}},"52":{"start":{"line":148,"column":19},"end":{"line":178,"column":1}},"53":{"start":{"line":149,"column":2},"end":{"line":177,"column":3}},"54":{"start":{"line":150,"column":17},"end":{"line":150,"column":51}},"55":{"start":{"line":152,"column":4},"end":{"line":154,"column":5}},"56":{"start":{"line":153,"column":6},"end":{"line":153,"column":65}},"57":{"start":{"line":157,"column":31},"end":{"line":161,"column":6}},"58":{"start":{"line":163,"column":4},"end":{"line":167,"column":5}},"59":{"start":{"line":164,"column":6},"end":{"line":166,"column":9}},"60":{"start":{"line":170,"column":4},"end":{"line":170,"column":26}},"61":{"start":{"line":171,"column":4},"end":{"line":171,"column":22}},"62":{"start":{"line":173,"column":4},"end":{"line":173,"column":55}},"63":{"start":{"line":175,"column":4},"end":{"line":175,"column":25}},"64":{"start":{"line":176,"column":4},"end":{"line":176,"column":54}},"65":{"start":{"line":183,"column":26},"end":{"line":204,"column":1}},"66":{"start":{"line":184,"column":2},"end":{"line":203,"column":3}},"67":{"start":{"line":185,"column":4},"end":{"line":185,"column":48}},"68":{"start":{"line":188,"column":23},"end":{"line":188,"column":68}},"69":{"start":{"line":189,"column":4},"end":{"line":189,"column":44}},"70":{"start":{"line":191,"column":4},"end":{"line":199,"column":7}},"71":{"start":{"line":201,"column":4},"end":{"line":201,"column":51}},"72":{"start":{"line":202,"column":4},"end":{"line":202,"column":54}},"73":{"start":{"line":206,"column":0},"end":{"line":215,"column":2}}},"fnMap":{"0":{"name":"(anonymous_0)","decl":{"start":{"line":8,"column":19},"end":{"line":8,"column":20}},"loc":{"start":{"line":8,"column":39},"end":{"line":19,"column":1}},"line":8},"1":{"name":"(anonymous_1)","decl":{"start":{"line":24,"column":22},"end":{"line":24,"column":23}},"loc":{"start":{"line":24,"column":42},"end":{"line":39,"column":1}},"line":24},"2":{"name":"(anonymous_2)","decl":{"start":{"line":44,"column":26},"end":{"line":44,"column":27}},"loc":{"start":{"line":44,"column":46},"end":{"line":55,"column":1}},"line":44},"3":{"name":"(anonymous_3)","decl":{"start":{"line":60,"column":17},"end":{"line":60,"column":18}},"loc":{"start":{"line":60,"column":37},"end":{"line":94,"column":1}},"line":60},"4":{"name":"(anonymous_4)","decl":{"start":{"line":99,"column":16},"end":{"line":99,"column":17}},"loc":{"start":{"line":99,"column":36},"end":{"line":119,"column":1}},"line":99},"5":{"name":"(anonymous_5)","decl":{"start":{"line":124,"column":19},"end":{"line":124,"column":20}},"loc":{"start":{"line":124,"column":39},"end":{"line":143,"column":1}},"line":124},"6":{"name":"(anonymous_6)","decl":{"start":{"line":148,"column":19},"end":{"line":148,"column":20}},"loc":{"start":{"line":148,"column":39},"end":{"line":178,"column":1}},"line":148},"7":{"name":"(anonymous_7)","decl":{"start":{"line":183,"column":26},"end":{"line":183,"column":27}},"loc":{"start":{"line":183,"column":46},"end":{"line":204,"column":1}},"line":183}},"branchMap":{"0":{"loc":{"start":{"line":62,"column":12},"end":{"line":62,"column":20}},"type":"default-arg","locations":[{"start":{"line":62,"column":19},"end":{"line":62,"column":20}}],"line":62},"1":{"loc":{"start":{"line":62,"column":22},"end":{"line":62,"column":32}},"type":"default-arg","locations":[{"start":{"line":62,"column":30},"end":{"line":62,"column":32}}],"line":62},"2":{"loc":{"start":{"line":66,"column":4},"end":{"line":72,"column":5}},"type":"if","locations":[{"start":{"line":66,"column":4},"end":{"line":72,"column":5}},{"start":{},"end":{}}],"line":66},"3":{"loc":{"start":{"line":105,"column":4},"end":{"line":107,"column":5}},"type":"if","locations":[{"start":{"line":105,"column":4},"end":{"line":107,"column":5}},{"start":{},"end":{}}],"line":105},"4":{"loc":{"start":{"line":134,"column":4},"end":{"line":136,"column":5}},"type":"if","locations":[{"start":{"line":134,"column":4},"end":{"line":136,"column":5}},{"start":{},"end":{}}],"line":134},"5":{"loc":{"start":{"line":152,"column":4},"end":{"line":154,"column":5}},"type":"if","locations":[{"start":{"line":152,"column":4},"end":{"line":154,"column":5}},{"start":{},"end":{}}],"line":152},"6":{"loc":{"start":{"line":163,"column":4},"end":{"line":167,"column":5}},"type":"if","locations":[{"start":{"line":163,"column":4},"end":{"line":167,"column":5}},{"start":{},"end":{}}],"line":163}},"s":{"0":2,"1":2,"2":2,"3":2,"4":0,"5":0,"6":0,"7":0,"8":0,"9":2,"10":0,"11":0,"12":0,"13":0,"14":0,"15":0,"16":2,"17":0,"18":0,"19":0,"20":0,"21":0,"22":2,"23":0,"24":0,"25":0,"26":0,"27":0,"28":0,"29":0,"30":0,"31":0,"32":0,"33":0,"34":2,"35":0,"36":0,"37":0,"38":0,"39":0,"40":0,"41":0,"42":0,"43":2,"44":0,"45":0,"46":0,"47":0,"48":0,"49":0,"50":0,"51":0,"52":2,"53":0,"54":0,"55":0,"56":0,"57":0,"58":0,"59":0,"60":0,"61":0,"62":0,"63":0,"64":0,"65":2,"66":0,"67":0,"68":0,"69":0,"70":0,"71":0,"72":0,"73":2},"f":{"0":0,"1":0,"2":0,"3":0,"4":0,"5":0,"6":0,"7":0},"b":{"0":[0],"1":[0],"2":[0,0],"3":[0,0],"4":[0,0],"5":[0,0],"6":[0,0]},"_coverageSchema":"1a1c01bbd47fc00a2c39e90264f33305004495a9","hash":"87e7a296f1a8f9c969f5e4db5ed420be209307fa"}
,"F:\\PLP ACADAMY\\FullStack\\Week6\\week-6-test-debug-assignment-Bawiloussim\\server\\middleware\\auth.js": {"path":"F:\\PLP ACADAMY\\FullStack\\Week6\\week-6-test-debug-assignment-Bawiloussim\\server\\middleware\\auth.js","statementMap":{"0":{"start":{"line":1,"column":12},"end":{"line":1,"column":35}},"1":{"start":{"line":2,"column":13},"end":{"line":2,"column":38}},"2":{"start":{"line":5,"column":16},"end":{"line":36,"column":1}},"3":{"start":{"line":6,"column":2},"end":{"line":35,"column":3}},"4":{"start":{"line":9,"column":4},"end":{"line":11,"column":5}},"5":{"start":{"line":10,"column":6},"end":{"line":10,"column":54}},"6":{"start":{"line":13,"column":4},"end":{"line":15,"column":5}},"7":{"start":{"line":14,"column":6},"end":{"line":14,"column":75}},"8":{"start":{"line":18,"column":20},"end":{"line":18,"column":61}},"9":{"start":{"line":21,"column":4},"end":{"line":21,"column":67}},"10":{"start":{"line":23,"column":4},"end":{"line":25,"column":5}},"11":{"start":{"line":24,"column":6},"end":{"line":24,"column":81}},"12":{"start":{"line":27,"column":4},"end":{"line":29,"column":5}},"13":{"start":{"line":28,"column":6},"end":{"line":28,"column":73}},"14":{"start":{"line":31,"column":4},"end":{"line":31,"column":11}},"15":{"start":{"line":33,"column":4},"end":{"line":33,"column":25}},"16":{"start":{"line":34,"column":4},"end":{"line":34,"column":70}},"17":{"start":{"line":39,"column":14},"end":{"line":45,"column":1}},"18":{"start":{"line":40,"column":2},"end":{"line":44,"column":3}},"19":{"start":{"line":41,"column":4},"end":{"line":41,"column":11}},"20":{"start":{"line":43,"column":4},"end":{"line":43,"column":65}},"21":{"start":{"line":48,"column":22},"end":{"line":52,"column":1}},"22":{"start":{"line":49,"column":2},"end":{"line":51,"column":5}},"23":{"start":{"line":54,"column":0},"end":{"line":54,"column":51}}},"fnMap":{"0":{"name":"(anonymous_0)","decl":{"start":{"line":5,"column":16},"end":{"line":5,"column":17}},"loc":{"start":{"line":5,"column":42},"end":{"line":36,"column":1}},"line":5},"1":{"name":"(anonymous_1)","decl":{"start":{"line":39,"column":14},"end":{"line":39,"column":15}},"loc":{"start":{"line":39,"column":34},"end":{"line":45,"column":1}},"line":39},"2":{"name":"(anonymous_2)","decl":{"start":{"line":48,"column":22},"end":{"line":48,"column":23}},"loc":{"start":{"line":48,"column":30},"end":{"line":52,"column":1}},"line":48}},"branchMap":{"0":{"loc":{"start":{"line":9,"column":4},"end":{"line":11,"column":5}},"type":"if","locations":[{"start":{"line":9,"column":4},"end":{"line":11,"column":5}},{"start":{},"end":{}}],"line":9},"1":{"loc":{"start":{"line":9,"column":8},"end":{"line":9,"column":83}},"type":"binary-expr","locations":[{"start":{"line":9,"column":8},"end":{"line":9,"column":33}},{"start":{"line":9,"column":37},"end":{"line":9,"column":83}}],"line":9},"2":{"loc":{"start":{"line":13,"column":4},"end":{"line":15,"column":5}},"type":"if","locations":[{"start":{"line":13,"column":4},"end":{"line":15,"column":5}},{"start":{},"end":{}}],"line":13},"3":{"loc":{"start":{"line":23,"column":4},"end":{"line":25,"column":5}},"type":"if","locations":[{"start":{"line":23,"column":4},"end":{"line":25,"column":5}},{"start":{},"end":{}}],"line":23},"4":{"loc":{"start":{"line":27,"column":4},"end":{"line":29,"column":5}},"type":"if","locations":[{"start":{"line":27,"column":4},"end":{"line":29,"column":5}},{"start":{},"end":{}}],"line":27},"5":{"loc":{"start":{"line":40,"column":2},"end":{"line":44,"column":3}},"type":"if","locations":[{"start":{"line":40,"column":2},"end":{"line":44,"column":3}},{"start":{"line":42,"column":9},"end":{"line":44,"column":3}}],"line":40},"6":{"loc":{"start":{"line":40,"column":6},"end":{"line":40,"column":43}},"type":"binary-expr","locations":[{"start":{"line":40,"column":6},"end":{"line":40,"column":14}},{"start":{"line":40,"column":18},"end":{"line":40,"column":43}}],"line":40}},"s":{"0":2,"1":2,"2":2,"3":2,"4":2,"5":2,"6":2,"7":0,"8":2,"9":2,"10":2,"11":0,"12":2,"13":0,"14":2,"15":0,"16":0,"17":2,"18":2,"19":1,"20":1,"21":2,"22":9,"23":2},"f":{"0":2,"1":2,"2":9},"b":{"0":[2,0],"1":[2,2],"2":[0,2],"3":[0,2],"4":[0,2],"5":[1,1],"6":[2,2]},"_coverageSchema":"1a1c01bbd47fc00a2c39e90264f33305004495a9","hash":"71ca707d6a0c288807cf7b14aeedb52f9f173d62"}
,"F:\\PLP ACADAMY\\FullStack\\Week6\\week-6-test-debug-assignment-Bawiloussim\\server\\routes\\authRoutes.js": {"path":"F:\\PLP ACADAMY\\FullStack\\Week6\\week-6-test-debug-assignment-Bawiloussim\\server\\routes\\authRoutes.js","statementMap":{"0":{"start":{"line":1,"column":16},"end":{"line":1,"column":34}},"1":{"start":{"line":2,"column":35},"end":{"line":2,"column":75}},"2":{"start":{"line":3,"column":20},"end":{"line":3,"column":49}},"3":{"start":{"line":5,"column":15},"end":{"line":5,"column":31}},"4":{"start":{"line":7,"column":0},"end":{"line":7,"column":35}},"5":{"start":{"line":8,"column":0},"end":{"line":8,"column":29}},"6":{"start":{"line":9,"column":0},"end":{"line":9,"column":34}},"7":{"start":{"line":11,"column":0},"end":{"line":11,"column":24}}},"fnMap":{},"branchMap":{},"s":{"0":2,"1":2,"2":2,"3":2,"4":2,"5":2,"6":2,"7":2},"f":{},"b":{},"_coverageSchema":"1a1c01bbd47fc00a2c39e90264f33305004495a9","hash":"b66976c94e4f1cc3037f3d771f8f2dc3e51493ac"}
,"F:\\PLP ACADAMY\\FullStack\\Week6\\week-6-test-debug-assignment-Bawiloussim\\server\\routes\\bookRoutes.js": {"path":"F:\\PLP ACADAMY\\FullStack\\Week6\\week-6-test-debug-assignment-Bawiloussim\\server\\routes\\bookRoutes.js","statementMap":{"0":{"start":{"line":1,"column":16},"end":{"line":1,"column":34}},"1":{"start":{"line":9,"column":4},"end":{"line":9,"column":44}},"2":{"start":{"line":10,"column":27},"end":{"line":10,"column":56}},"3":{"start":{"line":12,"column":15},"end":{"line":12,"column":31}},"4":{"start":{"line":14,"column":0},"end":{"line":16,"column":36}},"5":{"start":{"line":18,"column":0},"end":{"line":18,"column":35}},"6":{"start":{"line":20,"column":0},"end":{"line":23,"column":38}},"7":{"start":{"line":25,"column":0},"end":{"line":25,"column":24}}},"fnMap":{},"branchMap":{},"s":{"0":2,"1":2,"2":2,"3":2,"4":2,"5":2,"6":2,"7":2},"f":{},"b":{},"_coverageSchema":"1a1c01bbd47fc00a2c39e90264f33305004495a9","hash":"081082f4be742925b2339c16731bf408bb131984"}
,"F:\\PLP ACADAMY\\FullStack\\Week6\\week-6-test-debug-assignment-Bawiloussim\\server\\routes\\transactionRoutes.js": {"path":"F:\\PLP ACADAMY\\FullStack\\Week6\\week-6-test-debug-assignment-Bawiloussim\\server\\routes\\transactionRoutes.js","statementMap":{"0":{"start":{"line":1,"column":16},"end":{"line":1,"column":34}},"1":{"start":{"line":10,"column":4},"end":{"line":10,"column":51}},"2":{"start":{"line":11,"column":27},"end":{"line":11,"column":56}},"3":{"start":{"line":13,"column":15},"end":{"line":13,"column":31}},"4":{"start":{"line":16,"column":0},"end":{"line":17,"column":33}},"5":{"start":{"line":19,"column":0},"end":{"line":19,"column":46}},"6":{"start":{"line":20,"column":0},"end":{"line":20,"column":44}},"7":{"start":{"line":22,"column":0},"end":{"line":24,"column":45}},"8":{"start":{"line":26,"column":0},"end":{"line":26,"column":67}},"9":{"start":{"line":27,"column":0},"end":{"line":27,"column":60}},"10":{"start":{"line":29,"column":0},"end":{"line":29,"column":24}}},"fnMap":{},"branchMap":{},"s":{"0":2,"1":2,"2":2,"3":2,"4":2,"5":2,"6":2,"7":2,"8":2,"9":2,"10":2},"f":{},"b":{},"_coverageSchema":"1a1c01bbd47fc00a2c39e90264f33305004495a9","hash":"67e511895e9739e362a55c142f5488cccd66eec7"}
,"F:\\PLP ACADAMY\\FullStack\\Week6\\week-6-test-debug-assignment-Bawiloussim\\server\\routes\\userRoutes.js": {"path":"F:\\PLP ACADAMY\\FullStack\\Week6\\week-6-test-debug-assignment-Bawiloussim\\server\\routes\\userRoutes.js","statementMap":{"0":{"start":{"line":1,"column":16},"end":{"line":1,"column":34}},"1":{"start":{"line":11,"column":4},"end":{"line":11,"column":44}},"2":{"start":{"line":12,"column":27},"end":{"line":12,"column":56}},"3":{"start":{"line":14,"column":15},"end":{"line":14,"column":31}},"4":{"start":{"line":16,"column":0},"end":{"line":18,"column":31}},"5":{"start":{"line":20,"column":0},"end":{"line":20,"column":56}},"6":{"start":{"line":22,"column":0},"end":{"line":22,"column":56}},"7":{"start":{"line":24,"column":0},"end":{"line":24,"column":66}},"8":{"start":{"line":26,"column":0},"end":{"line":27,"column":33}},"9":{"start":{"line":29,"column":0},"end":{"line":32,"column":38}},"10":{"start":{"line":34,"column":0},"end":{"line":34,"column":24}}},"fnMap":{},"branchMap":{},"s":{"0":2,"1":2,"2":2,"3":2,"4":2,"5":2,"6":2,"7":2,"8":2,"9":2,"10":2},"f":{},"b":{},"_coverageSchema":"1a1c01bbd47fc00a2c39e90264f33305004495a9","hash":"81ea232d25ffbf48a2e19b3c12000b13e91e5ddc"}
}
