TN:
SF:controllers\authController.js
FN:7,(anonymous_0)
FN:54,(anonymous_1)
FN:87,(anonymous_2)
FNF:3
FNH:2
FNDA:3,(anonymous_0)
FNDA:1,(anonymous_1)
FNDA:0,(anonymous_2)
DA:1,2
DA:2,2
DA:7,2
DA:8,3
DA:9,3
DA:12,3
DA:14,3
DA:15,0
DA:18,3
DA:19,1
DA:23,2
DA:32,2
DA:33,2
DA:43,0
DA:46,0
DA:47,0
DA:54,2
DA:55,1
DA:56,1
DA:59,1
DA:61,1
DA:62,1
DA:63,0
DA:66,1
DA:76,0
DA:79,0
DA:80,0
DA:87,2
DA:88,0
DA:89,0
DA:93,0
DA:95,0
DA:96,0
DA:100,2
LF:34
LH:21
BRDA:14,0,0,0
BRDA:14,0,1,3
BRDA:18,1,0,1
BRDA:18,1,1,2
BRDA:18,2,0,3
BRDA:18,2,1,3
BRDA:29,3,0,2
BRDA:29,3,1,2
BRDA:32,4,0,2
BRDA:32,4,1,0
BRDA:61,5,0,1
BRDA:61,5,1,0
BRDA:61,6,0,1
BRDA:61,6,1,1
BRDA:62,7,0,0
BRDA:62,7,1,1
BRF:16
BRH:12
end_of_record
TN:
SF:controllers\bookController.js
FN:7,(anonymous_0)
FN:46,(anonymous_1)
FN:65,(anonymous_2)
FN:90,(anonymous_3)
FN:114,(anonymous_4)
FN:147,(anonymous_5)
FNF:6
FNH:2
FNDA:1,(anonymous_0)
FNDA:0,(anonymous_1)
FNDA:1,(anonymous_2)
FNDA:0,(anonymous_3)
FNDA:0,(anonymous_4)
FNDA:0,(anonymous_5)
DA:1,2
DA:2,2
DA:7,2
DA:8,1
DA:9,1
DA:11,1
DA:13,1
DA:14,0
DA:21,1
DA:23,1
DA:29,1
DA:31,1
DA:38,0
DA:39,0
DA:46,2
DA:47,0
DA:48,0
DA:51,0
DA:52,0
DA:55,0
DA:57,0
DA:58,0
DA:65,2
DA:66,1
DA:67,1
DA:73,1
DA:74,0
DA:77,1
DA:78,1
DA:80,1
DA:82,0
DA:83,0
DA:90,2
DA:91,0
DA:92,0
DA:94,0
DA:95,0
DA:98,0
DA:104,0
DA:106,0
DA:107,0
DA:114,2
DA:115,0
DA:116,0
DA:118,0
DA:119,0
DA:123,0
DA:129,0
DA:130,0
DA:134,0
DA:135,0
DA:137,0
DA:139,0
DA:140,0
DA:147,2
DA:148,0
DA:149,0
DA:151,0
DA:152,0
DA:155,0
DA:165,0
DA:167,0
DA:168,0
DA:172,2
LF:64
LH:23
BRDA:9,0,0,1
BRDA:9,1,0,1
BRDA:13,2,0,0
BRDA:13,2,1,1
BRDA:51,3,0,0
BRDA:51,3,1,0
BRDA:51,4,0,0
BRDA:51,4,1,0
BRDA:73,5,0,0
BRDA:73,5,1,1
BRDA:73,6,0,1
BRDA:73,6,1,1
BRDA:74,7,0,0
BRDA:74,7,1,0
BRDA:94,8,0,0
BRDA:94,8,1,0
BRDA:94,9,0,0
BRDA:94,9,1,0
BRDA:118,10,0,0
BRDA:118,10,1,0
BRDA:129,11,0,0
BRDA:129,11,1,0
BRDA:151,12,0,0
BRDA:151,12,1,0
BRF:24
BRH:6
end_of_record
TN:
SF:controllers\transactionController.js
FN:8,(anonymous_0)
FN:49,(anonymous_1)
FN:75,(anonymous_2)
FN:119,(anonymous_3)
FN:174,(anonymous_4)
FN:215,(anonymous_5)
FN:249,(anonymous_6)
FN:270,(anonymous_7)
FNF:8
FNH:0
FNDA:0,(anonymous_0)
FNDA:0,(anonymous_1)
FNDA:0,(anonymous_2)
FNDA:0,(anonymous_3)
FNDA:0,(anonymous_4)
FNDA:0,(anonymous_5)
FNDA:0,(anonymous_6)
FNDA:0,(anonymous_7)
DA:1,2
DA:2,2
DA:3,2
DA:8,2
DA:9,0
DA:10,0
DA:12,0
DA:15,0
DA:16,0
DA:19,0
DA:20,0
DA:22,0
DA:24,0
DA:32,0
DA:34,0
DA:41,0
DA:42,0
DA:49,2
DA:50,0
DA:51,0
DA:56,0
DA:57,0
DA:61,0
DA:62,0
DA:65,0
DA:67,0
DA:68,0
DA:75,2
DA:76,0
DA:77,0
DA:80,0
DA:81,0
DA:82,0
DA:86,0
DA:93,0
DA:94,0
DA:97,0
DA:104,0
DA:109,0
DA:111,0
DA:112,0
DA:119,2
DA:120,0
DA:121,0
DA:123,0
DA:125,0
DA:126,0
DA:129,0
DA:130,0
DA:133,0
DA:134,0
DA:135,0
DA:137,0
DA:139,0
DA:140,0
DA:143,0
DA:144,0
DA:147,0
DA:148,0
DA:153,0
DA:156,0
DA:158,0
DA:164,0
DA:166,0
DA:167,0
DA:174,2
DA:175,0
DA:176,0
DA:179,0
DA:187,0
DA:188,0
DA:192,0
DA:200,0
DA:205,0
DA:207,0
DA:208,0
DA:215,2
DA:216,0
DA:217,0
DA:219,0
DA:220,0
DA:223,0
DA:224,0
DA:227,0
DA:228,0
DA:231,0
DA:238,0
DA:239,0
DA:243,0
DA:244,0
DA:247,0
DA:248,0
DA:249,0
DA:252,0
DA:253,0
DA:254,0
DA:255,0
DA:258,0
DA:260,0
DA:262,0
DA:263,0
DA:270,2
DA:271,0
DA:272,0
DA:274,0
DA:275,0
DA:279,0
DA:280,0
DA:285,0
DA:286,0
DA:288,0
DA:289,0
DA:293,2
LF:113
LH:11
BRDA:10,0,0,0
BRDA:10,1,0,0
BRDA:15,2,0,0
BRDA:15,2,1,0
BRDA:19,3,0,0
BRDA:19,3,1,0
BRDA:20,4,0,0
BRDA:20,4,1,0
BRDA:56,5,0,0
BRDA:56,5,1,0
BRDA:61,6,0,0
BRDA:61,6,1,0
BRDA:61,7,0,0
BRDA:61,7,1,0
BRDA:81,8,0,0
BRDA:81,8,1,0
BRDA:81,9,0,0
BRDA:81,9,1,0
BRDA:81,9,2,0
BRDA:93,10,0,0
BRDA:93,10,1,0
BRDA:125,11,0,0
BRDA:125,11,1,0
BRDA:129,12,0,0
BRDA:129,12,1,0
BRDA:135,13,0,0
BRDA:135,13,1,0
BRDA:137,14,0,0
BRDA:137,14,1,0
BRDA:137,15,0,0
BRDA:137,15,1,0
BRDA:187,16,0,0
BRDA:187,16,1,0
BRDA:219,17,0,0
BRDA:219,17,1,0
BRDA:223,18,0,0
BRDA:223,18,1,0
BRDA:223,19,0,0
BRDA:223,19,1,0
BRDA:238,20,0,0
BRDA:238,20,1,0
BRDA:238,21,0,0
BRDA:238,21,1,0
BRDA:249,22,0,0
BRDA:249,22,1,0
BRDA:252,23,0,0
BRDA:252,23,1,0
BRDA:274,24,0,0
BRDA:274,24,1,0
BRDA:279,25,0,0
BRDA:279,25,1,0
BRDA:279,26,0,0
BRDA:279,26,1,0
BRDA:279,26,2,0
BRF:54
BRH:0
end_of_record
TN:
SF:controllers\userController.js
FN:8,(anonymous_0)
FN:24,(anonymous_1)
FN:44,(anonymous_2)
FN:60,(anonymous_3)
FN:99,(anonymous_4)
FN:124,(anonymous_5)
FN:148,(anonymous_6)
FN:183,(anonymous_7)
FNF:8
FNH:0
FNDA:0,(anonymous_0)
FNDA:0,(anonymous_1)
FNDA:0,(anonymous_2)
FNDA:0,(anonymous_3)
FNDA:0,(anonymous_4)
FNDA:0,(anonymous_5)
FNDA:0,(anonymous_6)
FNDA:0,(anonymous_7)
DA:1,2
DA:2,2
DA:3,2
DA:8,2
DA:9,0
DA:10,0
DA:14,0
DA:16,0
DA:17,0
DA:24,2
DA:25,0
DA:26,0
DA:28,0
DA:34,0
DA:36,0
DA:37,0
DA:44,2
DA:45,0
DA:46,0
DA:50,0
DA:52,0
DA:53,0
DA:60,2
DA:61,0
DA:62,0
DA:64,0
DA:66,0
DA:67,0
DA:74,0
DA:76,0
DA:82,0
DA:84,0
DA:91,0
DA:92,0
DA:99,2
DA:100,0
DA:101,0
DA:105,0
DA:106,0
DA:109,0
DA:114,0
DA:116,0
DA:117,0
DA:124,2
DA:125,0
DA:126,0
DA:128,0
DA:134,0
DA:135,0
DA:138,0
DA:140,0
DA:141,0
DA:148,2
DA:149,0
DA:150,0
DA:152,0
DA:153,0
DA:157,0
DA:163,0
DA:164,0
DA:170,0
DA:171,0
DA:173,0
DA:175,0
DA:176,0
DA:183,2
DA:184,0
DA:185,0
DA:188,0
DA:189,0
DA:191,0
DA:201,0
DA:202,0
DA:206,2
LF:74
LH:12
BRDA:62,0,0,0
BRDA:62,1,0,0
BRDA:66,2,0,0
BRDA:66,2,1,0
BRDA:105,3,0,0
BRDA:105,3,1,0
BRDA:134,4,0,0
BRDA:134,4,1,0
BRDA:152,5,0,0
BRDA:152,5,1,0
BRDA:163,6,0,0
BRDA:163,6,1,0
BRF:12
BRH:0
end_of_record
TN:
SF:middleware\auth.js
FN:5,(anonymous_0)
FN:39,(anonymous_1)
FN:48,(anonymous_2)
FNF:3
FNH:3
FNDA:2,(anonymous_0)
FNDA:2,(anonymous_1)
FNDA:9,(anonymous_2)
DA:1,2
DA:2,2
DA:5,2
DA:6,2
DA:9,2
DA:10,2
DA:13,2
DA:14,0
DA:18,2
DA:21,2
DA:23,2
DA:24,0
DA:27,2
DA:28,0
DA:31,2
DA:33,0
DA:34,0
DA:39,2
DA:40,2
DA:41,1
DA:43,1
DA:48,2
DA:49,9
DA:54,2
LF:24
LH:19
BRDA:9,0,0,2
BRDA:9,0,1,0
BRDA:9,1,0,2
BRDA:9,1,1,2
BRDA:13,2,0,0
BRDA:13,2,1,2
BRDA:23,3,0,0
BRDA:23,3,1,2
BRDA:27,4,0,0
BRDA:27,4,1,2
BRDA:40,5,0,1
BRDA:40,5,1,1
BRDA:40,6,0,2
BRDA:40,6,1,2
BRF:14
BRH:10
end_of_record
TN:
SF:routes\authRoutes.js
FNF:0
FNH:0
DA:1,2
DA:2,2
DA:3,2
DA:5,2
DA:7,2
DA:8,2
DA:9,2
DA:11,2
LF:8
LH:8
BRF:0
BRH:0
end_of_record
TN:
SF:routes\bookRoutes.js
FNF:0
FNH:0
DA:1,2
DA:9,2
DA:10,2
DA:12,2
DA:14,2
DA:18,2
DA:20,2
DA:25,2
LF:8
LH:8
BRF:0
BRH:0
end_of_record
TN:
SF:routes\transactionRoutes.js
FNF:0
FNH:0
DA:1,2
DA:10,2
DA:11,2
DA:13,2
DA:16,2
DA:19,2
DA:20,2
DA:22,2
DA:26,2
DA:27,2
DA:29,2
LF:11
LH:11
BRF:0
BRH:0
end_of_record
TN:
SF:routes\userRoutes.js
FNF:0
FNH:0
DA:1,2
DA:11,2
DA:12,2
DA:14,2
DA:16,2
DA:20,2
DA:22,2
DA:24,2
DA:26,2
DA:29,2
DA:34,2
LF:11
LH:11
BRF:0
BRH:0
end_of_record
